<?xml version="1.0" encoding="UTF-8"?>
<testng-results ignored="0" total="1" passed="1" failed="0" skipped="0">
  <reporter-output>
  </reporter-output>
  <suite started-at="2022-03-23T15:56:50 IST" name="Default suite" finished-at="2022-03-23T15:56:53 IST" duration-ms="2835">
    <groups>
    </groups>
    <test started-at="2022-03-23T15:56:50 IST" name="Default test" finished-at="2022-03-23T15:56:53 IST" duration-ms="2835">
      <class name="tests.XMLSchemaValidation">
        <test-method signature="schemaValidation()[pri:0, instance:tests.XMLSchemaValidation@429bffaa]" started-at="2022-03-23T15:56:50 IST" name="schemaValidation" finished-at="2022-03-23T15:56:53 IST" duration-ms="2800" status="PASS">
          <reporter-output>
          </reporter-output>
        </test-method> <!-- schemaValidation -->
      </class> <!-- tests.XMLSchemaValidation -->
    </test> <!-- Default test -->
  </suite> <!-- Default suite -->
</testng-results>
